<?xml version="1.0" encoding="UTF-8"?>
<robot generator="Robot 7.3.2 (Python 3.14.0 on win32)" generated="2025-12-03T15:05:13.827826" rpa="false" schemaversion="5">
<suite id="s1" name="Login" source="C:\Users\yasmi\OneDrive - Université de Corse\Bureau\Formation Logwire\Automatisatio des tests\Robotframework_Collab\tests\login.robot">
<test id="s1-t1" name="Login valid" line="6">
<kw name="Open Browser" owner="SeleniumLibrary">
<msg time="2025-12-03T15:05:13.992552" level="INFO">Opening browser 'chrome' to base url 'http://www.saucedemo.com'.</msg>
<arg>http://www.saucedemo.com</arg>
<arg>chrome</arg>
<doc>Opens a new browser instance to the optional ``url``.</doc>
<status status="PASS" start="2025-12-03T15:05:13.992363" elapsed="1.519256"/>
</kw>
<kw name="Input Text" owner="SeleniumLibrary">
<msg time="2025-12-03T15:05:15.512623" level="INFO">Typing text 'standard_user' into text field 'id:user-name'.</msg>
<arg>id:user-name</arg>
<arg>standard_user</arg>
<doc>Types the given ``text`` into the text field identified by ``locator``.</doc>
<status status="PASS" start="2025-12-03T15:05:15.512178" elapsed="0.080065"/>
</kw>
<kw name="Input Password" owner="SeleniumLibrary">
<msg time="2025-12-03T15:05:15.592733" level="INFO">Typing password into text field 'id:password'.</msg>
<msg time="2025-12-03T15:05:15.616872" level="INFO">Temporally setting log level to: NONE</msg>
<arg>id:password</arg>
<arg>secret_sauce</arg>
<doc>Types the given password into the text field identified by ``locator``.</doc>
<status status="PASS" start="2025-12-03T15:05:15.592533" elapsed="0.056909"/>
</kw>
<kw name="Click Button" owner="SeleniumLibrary">
<msg time="2025-12-03T15:05:15.649963" level="INFO">Clicking button 'id:login-button'.</msg>
<arg>id:login-button</arg>
<doc>Clicks the button identified by ``locator``.</doc>
<status status="PASS" start="2025-12-03T15:05:15.649788" elapsed="0.077263"/>
</kw>
<kw name="Location Should Contain" owner="SeleniumLibrary">
<msg time="2025-12-03T15:05:15.732550" level="INFO">Current location contains 'inventory'.</msg>
<arg>inventory</arg>
<doc>Verifies that the current URL contains ``expected``.</doc>
<status status="PASS" start="2025-12-03T15:05:15.727328" elapsed="0.005337"/>
</kw>
<status status="PASS" start="2025-12-03T15:05:13.991627" elapsed="1.741337"/>
</test>
<test id="s1-t2" name="Login invalid" line="13">
<kw name="Open Browser" owner="SeleniumLibrary">
<msg time="2025-12-03T15:05:15.734230" level="INFO">Opening browser 'chrome' to base url 'http://www.saucedemo.com'.</msg>
<arg>http://www.saucedemo.com</arg>
<arg>chrome</arg>
<doc>Opens a new browser instance to the optional ``url``.</doc>
<status status="PASS" start="2025-12-03T15:05:15.733993" elapsed="1.421186"/>
</kw>
<kw name="Input Text" owner="SeleniumLibrary">
<msg time="2025-12-03T15:05:17.155752" level="INFO">Typing text 'standard_user' into text field 'id:user-name'.</msg>
<arg>id:user-name</arg>
<arg>standard_user</arg>
<doc>Types the given ``text`` into the text field identified by ``locator``.</doc>
<status status="PASS" start="2025-12-03T15:05:17.155523" elapsed="0.088014"/>
</kw>
<kw name="Input Password" owner="SeleniumLibrary">
<msg time="2025-12-03T15:05:17.244110" level="INFO">Typing password into text field 'id:password'.</msg>
<msg time="2025-12-03T15:05:17.267391" level="INFO">Temporally setting log level to: NONE</msg>
<arg>id:password</arg>
<arg>secret_saue</arg>
<doc>Types the given password into the text field identified by ``locator``.</doc>
<status status="PASS" start="2025-12-03T15:05:17.243852" elapsed="0.098487"/>
</kw>
<kw name="Click Button" owner="SeleniumLibrary">
<msg time="2025-12-03T15:05:17.342829" level="INFO">Clicking button 'id:login-button'.</msg>
<arg>id:login-button</arg>
<doc>Clicks the button identified by ``locator``.</doc>
<status status="PASS" start="2025-12-03T15:05:17.342621" elapsed="0.058691"/>
</kw>
<kw name="Element Should Be Visible" owner="SeleniumLibrary">
<msg time="2025-12-03T15:05:17.483497" level="INFO">Element 'css:[data-test=error]' is displayed.</msg>
<arg>css:[data-test=error]</arg>
<doc>Verifies that the element identified by ``locator`` is visible.</doc>
<status status="PASS" start="2025-12-03T15:05:17.401568" elapsed="0.082020"/>
</kw>
<status status="PASS" start="2025-12-03T15:05:15.733527" elapsed="1.750374"/>
</test>
<status status="PASS" start="2025-12-03T15:05:13.828881" elapsed="3.655550"/>
</suite>
<statistics>
<total>
<stat pass="2" fail="0" skip="0">All Tests</stat>
</total>
<tag>
</tag>
<suite>
<stat name="Login" id="s1" pass="2" fail="0" skip="0">Login</stat>
</suite>
</statistics>
<errors>
</errors>
</robot>
